<?xml version="1.0" encoding="UTF-8"?>
<!-- Generated by org.testng.reporters.JUnitReportReporter -->
<testsuite skipped="0" hostname="DESKTOP-3JGL9VF" name="com_Setup.Launch_Browser" tests="1" failures="0" timestamp="2020-05-22T09:37:35 IST" time="12.211" errors="0">
  <testcase name="setupbrowser" time="12.211" classname="com_Setup.Launch_Browser"/>
  <system-out/>
</testsuite> <!-- com_Setup.Launch_Browser -->
