<?xml version="1.0" encoding="UTF-8"?>
<!-- Generated by org.testng.reporters.JUnitReportReporter -->
<testsuite skipped="0" hostname="DESKTOP-3JGL9VF" name="com_Excuetions.Login_TestCase_Execution" tests="1" failures="0" timestamp="2020-05-28T17:19:06 IST" time="1.011" errors="0">
  <testcase name="testcase_login" time="1.011" classname="com_Excuetions.Login_TestCase_Execution"/>
  <system-out/>
</testsuite> <!-- com_Excuetions.Login_TestCase_Execution -->
